1.0 - iniziato progetto
1.1 - apportate modifiche crescenti
2.0 - 01/03/2023    - Spostato progetto su GitHub
2.1 - 06/03/2023    - Impostato progetto per utilizzo da singolo file
2.1.1 - 06/03/2023  - Modifiche minori e fix readme
2.1.2 - 06/03/2023  - Spostato import packages in variables
2.1.3 - 07/03/2023  - Aggiunto variabili spak btn in variables
2.1.4 - 23/03/2023  - variables.scss 
                        -> rimosso variabili inutili + creazione var css
                        -> aggiunto var css per componenti spak-vue
                    - Spak-vue
                        -> modifiche a offcanvas + dropdown
                    - form.scss
                        -> modifiche minori
2.1.5 - 27/03/2023  - modifiche icon-input con relative variabili
                    - aggiunto spak-vue login
                    - messo funzioni colore in functions.scss
2.1.6 - 12/04/2023  - aggiunta spak-vue Tooltip
                    - variables.scss: modifiche relative a Tooltip
                    - form.scss: modifiche minori
2.1.7 - 04/05/2023  - creazione variabili css in _colors.scss
2.1.8 - 11/05/2023  - aggiunta componente BreadCrumb
                    - modifiche minori custom cursor
                    - aggiunta componente SideBar
                    - creazione nuovo foglio di stile per classi componenti
                    - modifiche minori _colors e _variables
2.1.9 - 19/05/2023  - tolto componente login
                    - modifiche minori
2.1.10 - 11/07/2023 - aggiunto classe .btn-notification
2.1.11 - 14/07/2023 - modificato .spak.input e .floating-label
                    - aggiunto .float-label in elemento select
2.1.12 - 16/11/2023 - aggiunto cartella form per componenti del form
                    - modifiche minori alle classi
2.1.13 - 07/02/2024 - modifiche minori
                    - aggiunto variabile spak-card
2.1.16 - 13/12/2024 - aggiornato variabili colori
					- aggiornato import
2.2.00 - 17/12/2024 - nuova versione compatibile con DartSass v1.83+
                    